<?xml version="1.0" encoding="UTF-8"?>
<!-- Generated by org.testng.reporters.JUnitReportReporter -->
<testsuite hostname="NAVEEN" failures="0" tests="1" name="com.jiraapi.jirraaa" time="5.508" errors="0" timestamp="2024-10-08T10:27:51 IST" skipped="0">
  <testcase classname="com.jiraapi.jirraaa" name="jiraaapicalls" time="5.508"/>
</testsuite> <!-- com.jiraapi.jirraaa -->
