<?xml version="1.0" encoding="UTF-8"?>
<!-- Generated by org.testng.reporters.JUnitReportReporter -->
<testsuite hostname="NAVEEN" failures="0" tests="1" name="com.deserialization.deserialization" time="2.904" errors="0" timestamp="2024-10-10T15:44:58 IST" skipped="0">
  <testcase classname="com.deserialization.deserialization" name="googlemaps" time="2.904"/>
</testsuite> <!-- com.deserialization.deserialization -->
