<?xml version="1.0" encoding="UTF-8"?>
<!-- Generated by org.testng.reporters.JUnitReportReporter -->
<testsuite hostname="NAVEEN" failures="0" tests="4" name="com.libraryapi.libraryyapii" time="6.021" errors="0" timestamp="2024-10-07T16:48:10 IST" skipped="0">
  <testcase classname="com.libraryapi.libraryyapii" name="getlibrary" time="0.604"/>
  <testcase classname="com.libraryapi.libraryyapii" name="getlibrary" time="1.225"/>
  <testcase classname="com.libraryapi.libraryyapii" name="getlibrary" time="0.657"/>
  <testcase classname="com.libraryapi.libraryyapii" name="getlibrary" time="3.535"/>
</testsuite> <!-- com.libraryapi.libraryyapii -->
