<?xml version="1.0" encoding="UTF-8"?>
<!-- Generated by org.testng.reporters.JUnitReportReporter -->
<testsuite hostname="NAVEEN" failures="0" tests="1" name="com.Basics.Googlemapsrestassuredapi" time="7.668" errors="0" timestamp="2024-10-07T17:03:44 IST" skipped="0">
  <testcase classname="com.Basics.Googlemapsrestassuredapi" name="rpi" time="7.668"/>
</testsuite> <!-- com.Basics.Googlemapsrestassuredapi -->
