<?xml version="1.0" encoding="UTF-8"?>
<!-- Generated by org.testng.reporters.JUnitReportReporter -->
<testsuite hostname="NAVEEN" failures="0" tests="1" name="com.Basics.complexjsonparse" time="1.884" errors="0" timestamp="2024-10-04T17:18:19 IST" skipped="0">
  <testcase classname="com.Basics.complexjsonparse" name="compleeeex" time="1.884"/>
</testsuite> <!-- com.Basics.complexjsonparse -->
