<?xml version="1.0" encoding="UTF-8"?>
<!-- Generated by org.testng.reporters.JUnitReportReporter -->
<testsuite hostname="NAVEEN" failures="0" tests="1" name="com.Basics.validationofsum" time="1.752" errors="0" timestamp="2024-10-04T17:18:28 IST" skipped="0">
  <testcase classname="com.Basics.validationofsum" name="validation" time="1.752"/>
</testsuite> <!-- com.Basics.validationofsum -->
