<?xml version="1.0" encoding="UTF-8"?>
<!-- Generated by org.testng.reporters.JUnitReportReporter -->
<testsuite hostname="NAVEEN" failures="0" tests="1" name="com.ecommerceapi.ecommerceappapi" time="4.298" errors="0" timestamp="2024-10-11T17:06:46 IST" skipped="0">
  <testcase classname="com.ecommerceapi.ecommerceappapi" name="ecommerce" time="4.298"/>
</testsuite> <!-- com.ecommerceapi.ecommerceappapi -->
