<?xml version="1.0" encoding="UTF-8"?>
<!-- Generated by org.testng.reporters.JUnitReportReporter -->
<testsuite hostname="NAVEEN" failures="0" tests="1" name="com.deserialization.reqrespspecbuilderrs" time="2.632" errors="0" timestamp="2024-10-10T16:19:26 IST" skipped="0">
  <testcase classname="com.deserialization.reqrespspecbuilderrs" name="googlemaps" time="2.632"/>
</testsuite> <!-- com.deserialization.reqrespspecbuilderrs -->
