<?xml version="1.0" encoding="UTF-8"?>
<!-- Generated by org.testng.reporters.JUnitReportReporter -->
<testsuite hostname="NAVEEN" failures="0" tests="1" name="com.oauth2.oauthhh" time="4.652" errors="0" timestamp="2024-10-09T17:34:45 IST" skipped="0">
  <testcase classname="com.oauth2.oauthhh" name="oauthatomation" time="4.652"/>
</testsuite> <!-- com.oauth2.oauthhh -->
